<?xml version="1.0" encoding="UTF-8"?>
<!-- Generated by org.testng.reporters.JUnitReportReporter -->
<testsuite hostname="VirendraSingh" failures="0" tests="2" name="pac2.OrgTest" time="0.010" errors="0" timestamp="2024-05-15T10:40:47 IST" skipped="0">
  <testcase classname="pac2.OrgTest" name="modifyOrgTest" time="0.002"/>
  <testcase classname="pac2.OrgTest" name="createorgTest" time="0.008"/>
</testsuite> <!-- pac2.OrgTest -->
