<?xml version="1.0" encoding="UTF-8"?>
<!-- Generated by org.testng.reporters.JUnitReportReporter -->
<testsuite hostname="VirendraSingh" failures="0" tests="1" name="mavencommands.PassMavenParameterTest" time="0.019" errors="0" timestamp="2024-05-15T23:00:15 IST" skipped="0">
  <testcase classname="mavencommands.PassMavenParameterTest" name="creatContact1Test" time="0.019"/>
</testsuite> <!-- mavencommands.PassMavenParameterTest -->
